<?xml version="1.0" encoding="UTF-8"?>
<!-- Generated by org.testng.reporters.JUnitXMLReporter -->
<testsuite hostname="Shreyas" ignored="0" name="Default test" tests="4" failures="0" timestamp="15 Oct 2022 03:46:50 GMT" time="16.57" errors="0">
  <testcase name="testLogin" time="4.162" classname="com.crmapp.loginTest.LoginTest"/>
  <testcase name="testLogin" time="4.189" classname="com.crmapp.loginTest.LoginTest"/>
  <testcase name="testLogin" time="3.643" classname="com.crmapp.loginTest.LoginTest"/>
  <testcase name="testLogin" time="3.728" classname="com.crmapp.loginTest.LoginTest"/>
</testsuite> <!-- Default test -->
